0 info it worked if it ends with ok
1 verbose cli [ 'C:\\Program Files\\nodejs\\node.exe',
1 verbose cli   'C:\\Program Files\\nodejs\\node_modules\\npm\\bin\\npm-cli.js',
1 verbose cli   'i',
1 verbose cli   'express' ]
2 info using npm@3.10.8
3 info using node@v6.9.1
4 silly loadCurrentTree Starting
5 silly install loadCurrentTree
6 silly install readLocalPackageData
7 silly fetchPackageMetaData express@^4.18.1
8 silly fetchNamedPackageData express
9 silly mapToRegistry name express
10 silly mapToRegistry using default registry
11 silly mapToRegistry registry https://registry.npmjs.org/
12 silly mapToRegistry data Result {
12 silly mapToRegistry   raw: 'express',
12 silly mapToRegistry   scope: null,
12 silly mapToRegistry   escapedName: 'express',
12 silly mapToRegistry   name: 'express',
12 silly mapToRegistry   rawSpec: '',
12 silly mapToRegistry   spec: 'latest',
12 silly mapToRegistry   type: 'tag' }
13 silly mapToRegistry uri https://registry.npmjs.org/express
14 verbose request uri https://registry.npmjs.org/express
15 verbose request no auth needed
16 info attempt registry request try #1 at 16:48:28
17 verbose request id e9da0dc153f70464
18 http request GET https://registry.npmjs.org/express
19 info retry will retry, error on last attempt: Error: write EPROTO 101057795:error:1408D07B:SSL routines:ssl3_get_key_exchange:bad signature:openssl\ssl\s3_clnt.c:2010:
20 info attempt registry request try #2 at 16:48:38
21 http request GET https://registry.npmjs.org/express
22 info retry will retry, error on last attempt: Error: write EPROTO 101057795:error:1408D07B:SSL routines:ssl3_get_key_exchange:bad signature:openssl\ssl\s3_clnt.c:2010:
23 info attempt registry request try #3 at 16:49:38
24 http request GET https://registry.npmjs.org/express
25 silly fetchPackageMetaData Error: write EPROTO 101057795:error:1408D07B:SSL routines:ssl3_get_key_exchange:bad signature:openssl\ssl\s3_clnt.c:2010:
25 silly fetchPackageMetaData
25 silly fetchPackageMetaData     at exports._errnoException (util.js:1026:11)
25 silly fetchPackageMetaData     at WriteWrap.afterWrite (net.js:799:14)
25 silly fetchPackageMetaData  error for express@^4.18.1 { Error: write EPROTO 101057795:error:1408D07B:SSL routines:ssl3_get_key_exchange:bad signature:openssl\ssl\s3_clnt.c:2010:
25 silly fetchPackageMetaData
25 silly fetchPackageMetaData     at exports._errnoException (util.js:1026:11)
25 silly fetchPackageMetaData     at WriteWrap.afterWrite (net.js:799:14) code: 'EPROTO', errno: 'EPROTO', syscall: 'write' }
26 silly rollbackFailedOptional Starting
27 silly rollbackFailedOptional Finishing
28 silly runTopLevelLifecycles Finishing
29 silly install printInstalled
30 verbose stack Error: write EPROTO 101057795:error:1408D07B:SSL routines:ssl3_get_key_exchange:bad signature:openssl\ssl\s3_clnt.c:2010:
30 verbose stack
30 verbose stack     at exports._errnoException (util.js:1026:11)
30 verbose stack     at WriteWrap.afterWrite (net.js:799:14)
31 verbose cwd C:\Users\user\Desktop\board\server
32 error Windows_NT 10.0.19044
33 error argv "C:\\Program Files\\nodejs\\node.exe" "C:\\Program Files\\nodejs\\node_modules\\npm\\bin\\npm-cli.js" "i" "express"
34 error node v6.9.1
35 error npm  v3.10.8
36 error code EPROTO
37 error errno EPROTO
38 error syscall write
39 error write EPROTO 101057795:error:1408D07B:SSL routines:ssl3_get_key_exchange:bad signature:openssl\ssl\s3_clnt.c:2010:
40 error If you need help, you may report this error at:
40 error     <https://github.com/npm/npm/issues>
41 verbose exit [ 1, true ]
